Step 22 Problem 3 setup check
Time: 2026-06-06 13:54:23
Project root: C:\Users\13178\Desktop\A题\A_MAGE_R3

Required directories:
  - data/appendix3_papers: OK
  - data/appendix3_extracted_text: OK
  - data/appendix3_intermediate: OK
  - output/problem3_tables: OK
  - output/problem3_charts: OK
  - output/problem3_logs: OK
  - output/problem3_reports: OK
  - paper_sections/problem3: OK

Required modules:
  - modules/appendix3_pipeline.py: OK
  - modules/appendix3_current_evaluator.py: OK
  - modules/argument_chain_diagnostics.py: OK
  - modules/ai_risk_ds_fusion.py: OK
  - modules/reviewer_agent_ensemble.py: OK
  - modules/revision_action_optimizer.py: OK
  - modules/post_revision_predictor.py: OK
  - modules/problem3_robustness.py: OK
  - modules/problem3_audit.py: OK
  - modules/problem3_report_generator.py: OK

Required scripts:
  - scripts/run_step22_problem3_setup.py: OK
  - scripts/run_step23_appendix3_parse_sections.py: OK
  - scripts/run_step24_appendix3_current_eval.py: OK
  - scripts/run_step25_argument_chain_diagnosis.py: OK
  - scripts/run_step26_ai_risk_ds_fusion.py: OK
  - scripts/run_step27_reviewer_agents.py: OK
  - scripts/run_step28_revision_action_optimization.py: OK
  - scripts/run_step29_post_revision_prediction.py: OK
  - scripts/run_step30_problem3_robustness.py: OK
  - scripts/run_step31_problem3_final_audit.py: OK
  - scripts/run_step32_problem3_draft.py: OK

Missing directories: none
Missing files: none
Result: PASS
